[2022-07-07T12:56:28.509Z] [32minfo[39m: Server is listenning on 3000
[2022-10-19T07:06:06.454Z] [32minfo[39m: Server is listenning on 3000
[2022-12-01T08:48:21.676Z] [32minfo[39m: Server is listenning on 3001
[2022-12-01T08:49:04.705Z] [32minfo[39m: Server is listenning on 3001
[2022-12-01T08:52:51.068Z] [32minfo[39m: Server is listenning on 3001
[2022-12-01T08:54:53.900Z] [32minfo[39m: Server is listenning on 3001
[2022-12-01T08:55:42.206Z] [32minfo[39m: Server is listenning on 3001
[2022-12-01T08:56:22.080Z] [32minfo[39m: Server is listenning on 3001
[2022-12-01T08:56:48.385Z] [32minfo[39m: Server is listenning on 3001
[2022-12-01T08:58:10.292Z] [32minfo[39m: Server is listenning on 3001
[2022-12-01T08:58:48.428Z] [32minfo[39m: Server is listenning on 3001
[2022-12-01T08:59:08.018Z] [32minfo[39m: Server is listenning on 3001
[2022-12-01T09:01:24.520Z] [32minfo[39m: Server is listenning on 3001
[2022-12-01T09:13:05.003Z] [32minfo[39m: Server is listenning on 3001
[2022-12-01T09:13:46.713Z] [32minfo[39m: Server is listenning on 3001
[2022-12-01T09:13:54.472Z] [32minfo[39m: Server is listenning on 3001
[2022-12-01T09:13:58.734Z] [32minfo[39m: Server is listenning on 3001
[2022-12-01T09:14:14.734Z] [32minfo[39m: Server is listenning on 3001
[2022-12-01T09:14:18.458Z] [32minfo[39m: Server is listenning on 3001
[2022-12-01T09:14:26.554Z] [32minfo[39m: Server is listenning on 3001
[2022-12-01T09:15:39.227Z] [32minfo[39m: Server is listenning on 3001
[2022-12-01T09:15:41.330Z] [32minfo[39m: Server is listenning on 3001
[2022-12-01T09:15:42.655Z] [32minfo[39m: Server is listenning on 3001
[2022-12-01T09:20:40.606Z] [32minfo[39m: Server is listenning on 3001
[2022-12-01T09:20:42.946Z] [32minfo[39m: Server is listenning on 3001
[2022-12-01T09:20:52.507Z] [32minfo[39m: Server is listenning on 3001
[2022-12-01T09:21:13.594Z] [32minfo[39m: Server is listenning on 3001
[2022-12-01T09:23:03.730Z] [32minfo[39m: Server is listenning on 3001
[2022-12-01T09:23:21.973Z] [32minfo[39m: Server is listenning on 3001
[2022-12-01T09:25:34.251Z] [32minfo[39m: Server is listenning on 3001
[2022-12-01T09:27:19.277Z] [32minfo[39m: Server is listenning on 3001
[2022-12-01T09:27:33.074Z] [32minfo[39m: Server is listenning on 3001
[2022-12-01T09:27:35.775Z] [32minfo[39m: Server is listenning on 3001
[2022-12-01T09:27:46.296Z] [32minfo[39m: Server is listenning on 3001
[2022-12-01T09:27:51.574Z] [32minfo[39m: Server is listenning on 3001
[2022-12-01T09:27:57.362Z] [32minfo[39m: Server is listenning on 3001
[2022-12-01T09:28:16.430Z] [32minfo[39m: Server is listenning on 3001
[2022-12-01T09:29:45.880Z] [32minfo[39m: Server is listenning on 3001
[2022-12-01T09:52:11.034Z] [32minfo[39m: Server is listenning on 3001
[2022-12-01T09:52:59.033Z] [32minfo[39m: Server is listenning on 3001
[2022-12-01T10:05:25.520Z] [32minfo[39m: Server is listenning on 3001
[2022-12-01T10:05:37.002Z] [32minfo[39m: Server is listenning on 3001
[2022-12-01T10:05:38.821Z] [32minfo[39m: Server is listenning on 3001
[2022-12-01T10:05:42.626Z] [32minfo[39m: Server is listenning on 3001
[2022-12-01T10:05:43.706Z] [32minfo[39m: Server is listenning on 3001
[2022-12-01T10:05:47.142Z] [32minfo[39m: Server is listenning on 3001
[2022-12-01T10:06:23.578Z] [32minfo[39m: Server is listenning on 3001
[2022-12-01T10:06:27.893Z] [32minfo[39m: Server is listenning on 3001
[2022-12-01T10:09:41.283Z] [32minfo[39m: Server is listenning on 3001
[2022-12-01T10:09:48.994Z] [32minfo[39m: Server is listenning on 3001
[2022-12-01T10:09:51.619Z] [32minfo[39m: Server is listenning on 3001
[2022-12-01T10:38:12.246Z] [32minfo[39m: Server is listenning on 3001
[2022-12-01T10:40:15.754Z] [32minfo[39m: Server is listenning on 3001
[2022-12-01T11:55:53.180Z] [32minfo[39m: Server is listenning on 3001
[2022-12-01T11:55:58.899Z] [32minfo[39m: Server is listenning on 3001
[2022-12-01T12:03:49.541Z] [32minfo[39m: Server is listenning on 3001
[2022-12-01T12:03:51.100Z] [32minfo[39m: Server is listenning on 3001
[2022-12-01T12:03:54.247Z] [32minfo[39m: Server is listenning on 3001
[2022-12-01T12:07:13.960Z] [32minfo[39m: Server is listenning on 3001
[2022-12-01T12:10:25.865Z] [32minfo[39m: Server is listenning on 3001
[2022-12-01T12:10:55.577Z] [32minfo[39m: Server is listenning on 3001
[2022-12-01T12:11:08.163Z] [32minfo[39m: Server is listenning on 3001
[2022-12-01T12:11:11.061Z] [32minfo[39m: Server is listenning on 3001
[2022-12-01T12:11:12.778Z] [32minfo[39m: Server is listenning on 3001
[2022-12-01T12:12:36.017Z] [32minfo[39m: Server is listenning on 3001
[2022-12-01T12:12:56.615Z] [32minfo[39m: Server is listenning on 3001
[2022-12-01T12:13:00.333Z] [32minfo[39m: Server is listenning on 3001
[2022-12-01T18:15:14.595Z] [32minfo[39m: Server is listenning on 3001
[2022-12-01T18:17:01.764Z] [32minfo[39m: Server is listenning on 3001
[2022-12-01T18:17:10.288Z] [32minfo[39m: Server is listenning on 3001
[2022-12-01T18:17:19.096Z] [32minfo[39m: Server is listenning on 3001
[2022-12-01T19:43:50.184Z] [32minfo[39m: Server is listenning on 3001
[2022-12-01T19:44:26.506Z] [32minfo[39m: Server is listenning on 3001
[2022-12-01T19:46:09.557Z] [32minfo[39m: Server is listenning on 3001
[2022-12-01T19:46:22.579Z] [32minfo[39m: Server is listenning on 3001
[2022-12-01T19:46:24.328Z] [32minfo[39m: Server is listenning on 3001
[2022-12-02T05:19:57.587Z] [32minfo[39m: Server is listenning on 3001
[2022-12-02T05:22:46.692Z] [32minfo[39m: Server is listenning on 3001
[2022-12-02T05:22:50.304Z] [32minfo[39m: Server is listenning on 3001
[2022-12-02T05:22:56.163Z] [32minfo[39m: Server is listenning on 3001
[2022-12-02T05:24:47.464Z] [32minfo[39m: Server is listenning on 3001
[2022-12-02T05:24:55.342Z] [32minfo[39m: Server is listenning on 3001
[2022-12-02T05:24:58.679Z] [32minfo[39m: Server is listenning on 3001
[2022-12-02T05:28:22.542Z] [32minfo[39m: Server is listenning on 3001
[2022-12-02T05:29:24.957Z] [32minfo[39m: Server is listenning on 3001
[2022-12-02T05:29:26.379Z] [32minfo[39m: Server is listenning on 3001
[2022-12-02T05:29:28.847Z] [32minfo[39m: Server is listenning on 3001
[2022-12-02T05:34:43.921Z] [32minfo[39m: Server is listenning on 3001
[2022-12-02T05:34:57.956Z] [32minfo[39m: Server is listenning on 3001
[2022-12-02T05:35:05.548Z] [32minfo[39m: Server is listenning on 3001
[2022-12-02T05:35:13.307Z] [32minfo[39m: Server is listenning on 3001
[2022-12-02T05:35:52.579Z] [32minfo[39m: Server is listenning on 3001
[2022-12-02T05:42:54.816Z] [32minfo[39m: Server is listenning on 3001
[2022-12-02T05:42:57.712Z] [32minfo[39m: Server is listenning on 3001
[2022-12-02T05:43:01.330Z] [32minfo[39m: Server is listenning on 3001
[2022-12-02T05:43:04.066Z] [32minfo[39m: Server is listenning on 3001
[2022-12-02T06:01:02.929Z] [32minfo[39m: Server is listenning on 3001
[2022-12-02T06:01:06.744Z] [32minfo[39m: Server is listenning on 3001
[2022-12-02T06:01:10.693Z] [32minfo[39m: Server is listenning on 3001
[2022-12-02T06:01:13.860Z] [32minfo[39m: Server is listenning on 3001
[2022-12-02T06:07:33.339Z] [32minfo[39m: Server is listenning on 3001
[2022-12-02T06:07:52.656Z] [32minfo[39m: Server is listenning on 3001
[2022-12-02T06:07:57.683Z] [32minfo[39m: Server is listenning on 3001
[2022-12-02T06:08:05.559Z] [32minfo[39m: Server is listenning on 3001
[2022-12-02T06:08:08.862Z] [32minfo[39m: Server is listenning on 3001
[2022-12-02T06:09:51.273Z] [32minfo[39m: Server is listenning on 3001
[2022-12-02T06:09:57.375Z] [32minfo[39m: Server is listenning on 3001
[2022-12-02T06:32:11.321Z] [31merror[39m: 
Invalid `prisma.playgroundContainers.create()` invocation in
/home/sarthak/projects/coding-playground/server/src/models/factory/playgroundFactory.ts:63:75

  60 */
  61 static async createPlaygroundContainer(data: PlaygroundContainers): Promise<PlaygroundContainers> {
  62     try {
→ 63         const playgroundContainer = await prisma.playgroundContainers.create({
               data: {
                 host: 'localhost',
             +   id: String,
             ?   playground?: {
             ?     create?: PlaygroundCreateWithoutContainerInput | PlaygroundUncheckedCreateWithoutContainerInput,
             ?     connectOrCreate?: PlaygroundCreateOrConnectWithoutContainerInput,
             ?     connect?: PlaygroundWhereUniqueInput
             ?   },
             ?   createAt?: DateTime | null,
             ?   updateAt?: DateTime | null
               },
               include: {
                 playground: true
               }
             })

Argument id for data.id is missing.

Note: Lines with + are required, lines with ? are optional.

[2022-12-02T06:32:12.070Z] [31merror[39m: 
Invalid `prisma.playground.create()` invocation in
/home/sarthak/projects/coding-playground/server/src/models/factory/playgroundFactory.ts:39:56

  36  */
  37 static async createPlayground(data: Playground): Promise<Playground> {
  38     try {
→ 39         const playground = await prisma.playground.create(
Can't reach database server at `localhost`:`5431`

Please make sure your database server is running at `localhost`:`5431`.
[2022-12-02T06:32:12.106Z] [31merror[39m: 
Invalid `prisma.playground.findFirst()` invocation in
/home/sarthak/projects/coding-playground/server/src/models/factory/playgroundFactory.ts:15:55

  12  */
  13 static async getPlayground(id: number): Promise<Playground> {
  14     try {
→ 15         const playgroud = await prisma.playground.findFirst(
Can't reach database server at `localhost`:`5431`

Please make sure your database server is running at `localhost`:`5431`.
[2022-12-02T08:36:45.680Z] [32minfo[39m: Server is listenning on 3001
[2022-12-02T08:38:51.481Z] [32minfo[39m: Server is listenning on 3001
[2022-12-02T08:39:52.721Z] [32minfo[39m: Server is listenning on 3001
[2022-12-02T08:40:02.272Z] [32minfo[39m: Server is listenning on 3001
[2022-12-02T08:40:11.775Z] [32minfo[39m: Server is listenning on 3001
[2022-12-02T08:40:20.401Z] [31merror[39m: 
Invalid `prisma.playgroundContainers.create()` invocation in
/home/sarthak/projects/coding-playground/server/src/models/factory/playgroundFactory.ts:65:75

  62 */
  63 static async createPlaygroundContainer(data: PlaygroundContainers): Promise<PlaygroundContainers> {
  64     try {
→ 65         const playgroundContainer = await prisma.playgroundContainers.create({
               data: {
                 host: 'localhost',
             +   id: String,
             ?   playground?: {
             ?     create?: PlaygroundCreateWithoutContainerInput | PlaygroundUncheckedCreateWithoutContainerInput,
             ?     connectOrCreate?: PlaygroundCreateOrConnectWithoutContainerInput,
             ?     connect?: PlaygroundWhereUniqueInput
             ?   },
             ?   createAt?: DateTime | null,
             ?   updateAt?: DateTime | null
               },
               include: {
                 playground: true
               }
             })

Argument id for data.id is missing.

Note: Lines with + are required, lines with ? are optional.

[2022-12-02T08:40:20.406Z] [31merror[39m: 
Invalid `prisma.playground.create()` invocation in
/home/sarthak/projects/coding-playground/server/src/models/factory/playgroundFactory.ts:40:56

  37  */
  38 static async createPlayground(data: Playground): Promise<Playground> {
  39     try {
→ 40         const playground = await prisma.playground.create({
               data: {
                 containerId: undefined,
                 type: 'NODE',
                 userId: null
                 ~~~~~~
               },
               include: {
                 container: true,
                 user: true
               }
             })

Unknown arg `userId` in data.userId for type PlaygroundCreateInput. Did you mean `user`? Available args:
type PlaygroundCreateInput {
  type: TYPE_OF_PLAYGROUND
  container?: PlaygroundContainersCreateNestedOneWithoutPlaygroundInput
  user?: UserCreateNestedOneWithoutPlaygroundsInput
  createAt?: DateTime | Null
  updateAt?: DateTime | Null
}


[2022-12-02T08:41:17.245Z] [32minfo[39m: Server is listenning on 3001
[2022-12-02T08:41:23.763Z] [32minfo[39m: Server is listenning on 3001
[2022-12-02T08:41:27.062Z] [32minfo[39m: Server is listenning on 3001
[2022-12-02T08:41:38.899Z] [31merror[39m: 
Invalid `prisma.playground.create()` invocation in
/home/sarthak/projects/coding-playground/server/src/models/factory/playgroundFactory.ts:40:56

  37  */
  38 static async createPlayground(data: Playground): Promise<Playground> {
  39     try {
→ 40         const playground = await prisma.playground.create(
Failed to validate the query: `Unable to match input value to any allowed input type for the field. Parse errors: [Query parsing/validation error at `Mutation.createOnePlayground.data.PlaygroundCreateInput.containerId`: Field does not exist on enclosing type., Query parsing/validation error at `Mutation.createOnePlayground.data.PlaygroundUncheckedCreateInput.userId`: A value is required but not set.]` at `Mutation.createOnePlayground.data`
[2022-12-02T08:45:23.489Z] [32minfo[39m: Server is listenning on 3001
[2022-12-02T08:45:30.410Z] [31merror[39m: 
Invalid `prisma.playground.create()` invocation in
/home/sarthak/projects/coding-playground/server/src/models/factory/playgroundFactory.ts:40:56

  37  */
  38 static async createPlayground(data: Playground): Promise<Playground> {
  39     try {
→ 40         const playground = await prisma.playground.create(
Failed to validate the query: `Unable to match input value to any allowed input type for the field. Parse errors: [Query parsing/validation error at `Mutation.createOnePlayground.data.PlaygroundCreateInput.containerId`: Field does not exist on enclosing type., Query parsing/validation error at `Mutation.createOnePlayground.data.PlaygroundUncheckedCreateInput.userId`: A value is required but not set.]` at `Mutation.createOnePlayground.data`
[2022-12-02T08:45:52.702Z] [32minfo[39m: Server is listenning on 3001
[2022-12-02T08:45:55.691Z] [31merror[39m: 
Invalid `prisma.playground.create()` invocation in
/home/sarthak/projects/coding-playground/server/src/models/factory/playgroundFactory.ts:40:56

  37  */
  38 static async createPlayground(data: Playground): Promise<Playground> {
  39     try {
→ 40         const playground = await prisma.playground.create(
Failed to validate the query: `Unable to match input value to any allowed input type for the field. Parse errors: [Query parsing/validation error at `Mutation.createOnePlayground.data.PlaygroundCreateInput.containerId`: Field does not exist on enclosing type., Query parsing/validation error at `Mutation.createOnePlayground.data.PlaygroundUncheckedCreateInput.userId`: A value is required but not set.]` at `Mutation.createOnePlayground.data`
[2022-12-02T08:46:22.605Z] [32minfo[39m: Server is listenning on 3001
[2022-12-02T08:46:29.567Z] [32minfo[39m: Server is listenning on 3001
[2022-12-02T08:46:31.479Z] [32minfo[39m: Server is listenning on 3001
[2022-12-02T08:46:34.919Z] [32minfo[39m: Server is listenning on 3001
[2022-12-02T08:46:38.491Z] [32minfo[39m: Server is listenning on 3001
[2022-12-02T08:47:01.772Z] [32minfo[39m: Server is listenning on 3001
[2022-12-02T08:47:04.621Z] [32minfo[39m: Server is listenning on 3001
[2022-12-02T08:47:06.953Z] [32minfo[39m: Server is listenning on 3001
[2022-12-02T08:47:13.614Z] [32minfo[39m: Server is listenning on 3001
[2022-12-02T08:47:15.983Z] [32minfo[39m: Server is listenning on 3001
[2022-12-02T08:47:21.848Z] [31merror[39m: 
Invalid `prisma.playground.create()` invocation in
/home/sarthak/projects/coding-playground/server/src/models/factory/playgroundFactory.ts:40:56

  37  */
  38 static async createPlayground(data: Playground): Promise<Playground> {
  39     try {
→ 40         const playground = await prisma.playground.create(
Failed to validate the query: `Unable to match input value to any allowed input type for the field. Parse errors: [Query parsing/validation error at `Mutation.createOnePlayground.data.PlaygroundCreateInput.containerId`: Field does not exist on enclosing type., Query parsing/validation error at `Mutation.createOnePlayground.data.PlaygroundUncheckedCreateInput.userId`: A value is required but not set.]` at `Mutation.createOnePlayground.data`
[2022-12-02T08:48:01.983Z] [32minfo[39m: Server is listenning on 3001
[2022-12-02T08:51:04.503Z] [32minfo[39m: Server is listenning on 3001
[2022-12-02T08:51:29.243Z] [32minfo[39m: Server is listenning on 3001
[2022-12-02T08:51:29.950Z] [32minfo[39m: Server is listenning on 3001
[2022-12-02T08:51:31.516Z] [32minfo[39m: Server is listenning on 3001
[2022-12-02T08:51:38.148Z] [32minfo[39m: Server is listenning on 3001
[2022-12-02T08:51:45.782Z] [32minfo[39m: Server is listenning on 3001
[2022-12-02T08:52:00.409Z] [32minfo[39m: Server is listenning on 3001
[2022-12-02T08:52:03.389Z] [32minfo[39m: Server is listenning on 3001
[2022-12-02T08:52:21.842Z] [32minfo[39m: Server is listenning on 3001
[2022-12-02T08:52:24.499Z] [32minfo[39m: Server is listenning on 3001
[2022-12-02T08:52:31.088Z] [32minfo[39m: Server is listenning on 3001
[2022-12-02T08:52:38.529Z] [32minfo[39m: Server is listenning on 3001
[2022-12-02T08:52:53.968Z] [32minfo[39m: Server is listenning on 3001
[2022-12-02T08:54:09.539Z] [32minfo[39m: Server is listenning on 3001
[2022-12-02T08:54:37.268Z] [32minfo[39m: Server is listenning on 3001
[2022-12-02T08:54:47.263Z] [31merror[39m: 
Invalid `prisma.playground.create()` invocation in
/home/sarthak/projects/coding-playground/server/src/models/factory/playgroundFactory.ts:40:56

  37  */
  38 static async createPlayground(data: Playground): Promise<Playground> {
  39     try {
→ 40         const playground = await prisma.playground.create(
Failed to validate the query: `Unable to match input value to any allowed input type for the field. Parse errors: [Query parsing/validation error at `Mutation.createOnePlayground.data.PlaygroundCreateInput.containerId`: Field does not exist on enclosing type., Query parsing/validation error at `Mutation.createOnePlayground.data.PlaygroundUncheckedCreateInput.userId`: A value is required but not set.]` at `Mutation.createOnePlayground.data`
[2022-12-02T11:05:53.750Z] [32minfo[39m: Server is listenning on 3001
[2022-12-02T11:33:39.344Z] [32minfo[39m: Server is listenning on 3001
[2022-12-02T11:35:56.478Z] [32minfo[39m: Server is listenning on 3001
[2022-12-02T11:43:20.289Z] [32minfo[39m: Server is listenning on 3001
[2022-12-02T16:01:42.289Z] [32minfo[39m: Server is listenning on 3001
[2022-12-02T18:02:03.339Z] [32minfo[39m: Server is listenning on 3001
[2022-12-02T18:02:04.779Z] [32minfo[39m: Server is listenning on 3001
[2022-12-02T18:28:13.065Z] [32minfo[39m: Server is listenning on 3001
[2022-12-02T18:28:16.168Z] [32minfo[39m: Server is listenning on 3001
[2022-12-02T18:28:23.480Z] [32minfo[39m: Server is listenning on 3001
[2022-12-02T18:28:25.562Z] [32minfo[39m: Server is listenning on 3001
[2022-12-02T18:28:27.707Z] [32minfo[39m: Server is listenning on 3001
[2022-12-02T21:17:36.037Z] [32minfo[39m: Server is listenning on 3001
[2022-12-02T21:18:11.458Z] [32minfo[39m: Server is listenning on 3001
[2022-12-02T21:18:18.636Z] [32minfo[39m: Server is listenning on 3001
[2022-12-02T21:19:29.899Z] [32minfo[39m: Server is listenning on 3001
[2022-12-02T21:19:35.117Z] [32minfo[39m: Server is listenning on 3001
[2022-12-02T21:19:38.712Z] [32minfo[39m: Server is listenning on 3001
[2022-12-02T21:19:42.050Z] [32minfo[39m: Server is listenning on 3001
[2022-12-02T21:19:48.646Z] [32minfo[39m: Server is listenning on 3001
[2022-12-02T21:19:56.415Z] [32minfo[39m: Server is listenning on 3001
[2022-12-02T21:19:59.296Z] [32minfo[39m: Server is listenning on 3001
[2022-12-02T21:20:19.247Z] [32minfo[39m: Server is listenning on 3001
[2022-12-02T21:20:24.187Z] [32minfo[39m: Server is listenning on 3001
[2022-12-02T21:20:29.205Z] [32minfo[39m: Server is listenning on 3001
[2022-12-02T21:20:33.198Z] [32minfo[39m: Server is listenning on 3001
[2022-12-02T21:20:35.466Z] [32minfo[39m: Server is listenning on 3001
[2022-12-02T21:21:08.500Z] [32minfo[39m: Server is listenning on 3001
[2022-12-02T21:21:10.345Z] [32minfo[39m: Server is listenning on 3001
[2022-12-02T21:21:12.617Z] [32minfo[39m: Server is listenning on 3001
[2022-12-02T21:21:41.487Z] [32minfo[39m: Server is listenning on 3001
[2022-12-02T21:21:43.480Z] [32minfo[39m: Server is listenning on 3001
[2022-12-02T21:21:48.329Z] [32minfo[39m: Server is listenning on 3001
[2022-12-02T21:22:02.519Z] [32minfo[39m: Server is listenning on 3001
[2022-12-02T21:22:05.546Z] [32minfo[39m: Server is listenning on 3001
[2022-12-02T21:22:12.777Z] [32minfo[39m: Server is listenning on 3001
[2022-12-02T21:24:19.414Z] [32minfo[39m: Server is listenning on 3001
[2022-12-02T21:24:48.483Z] [32minfo[39m: Server is listenning on 3001
[2022-12-02T21:24:53.887Z] [32minfo[39m: Server is listenning on 3001
[2022-12-02T21:25:05.599Z] [32minfo[39m: Server is listenning on 3001
[2022-12-02T21:25:16.032Z] [32minfo[39m: Server is listenning on 3001
[2022-12-02T21:25:17.954Z] [32minfo[39m: Server is listenning on 3001
[2022-12-02T21:25:21.854Z] [32minfo[39m: Server is listenning on 3001
[2022-12-02T21:26:09.513Z] [32minfo[39m: Server is listenning on 3001
[2022-12-02T21:31:01.001Z] [32minfo[39m: Server is listenning on 3001
[2022-12-03T05:57:33.066Z] [32minfo[39m: Server is listenning on 3001
[2022-12-03T06:21:35.714Z] [32minfo[39m: Server is listenning on 3001
[2022-12-03T06:42:33.473Z] [32minfo[39m: Server is listenning on 3001
[2022-12-03T06:42:39.885Z] [32minfo[39m: Server is listenning on 3001
[2022-12-03T06:42:42.809Z] [32minfo[39m: Server is listenning on 3001
[2022-12-03T06:43:15.687Z] [32minfo[39m: Server is listenning on 3001
[2022-12-03T06:43:17.266Z] [32minfo[39m: Server is listenning on 3001
[2022-12-03T06:43:32.977Z] [32minfo[39m: Server is listenning on 3001
[2022-12-03T06:43:37.667Z] [32minfo[39m: Server is listenning on 3001
[2022-12-03T06:43:42.001Z] [32minfo[39m: Server is listenning on 3001
[2022-12-03T06:43:46.778Z] [32minfo[39m: Server is listenning on 3001
[2022-12-03T06:43:52.043Z] [32minfo[39m: Server is listenning on 3001
[2022-12-03T07:21:06.507Z] [32minfo[39m: Server is listenning on 3001
[2022-12-03T07:26:42.982Z] [32minfo[39m: Server is listenning on 3001
[2022-12-03T07:26:45.635Z] [32minfo[39m: Server is listenning on 3001
[2022-12-03T07:26:49.398Z] [32minfo[39m: Server is listenning on 3001
[2022-12-03T07:26:50.470Z] [32minfo[39m: Server is listenning on 3001
[2022-12-03T07:26:53.274Z] [32minfo[39m: Server is listenning on 3001
[2022-12-03T07:27:03.932Z] [32minfo[39m: Server is listenning on 3001
[2022-12-03T07:27:09.221Z] [32minfo[39m: Server is listenning on 3001
[2022-12-03T07:27:16.202Z] [32minfo[39m: Server is listenning on 3001
[2022-12-03T07:27:22.108Z] [32minfo[39m: Server is listenning on 3001
